<?xml version="1.0" encoding="UTF-8"?>
<Site BuildName="(empty)"
	BuildStamp="20250416-0122-Experimental"
	Name="(empty)"
	Generator="ctest-3.28.3"
	CompilerName=""
	CompilerVersion=""
	OSName="Linux"
	Hostname="codespaces-a2c39c"
	OSRelease="6.8.0-1021-azure"
	OSVersion="#25~22.04.1-Ubuntu SMP Thu Jan 16 21:37:09 UTC 2025"
	OSPlatform="x86_64"
	Is64Bits="1"
	VendorString="AuthenticAMD"
	VendorID="Advanced Micro Devices"
	FamilyID="25"
	ModelID="1"
	ProcessorCacheSize="512"
	NumberOfLogicalCPU="2"
	NumberOfPhysicalCPU="1"
	TotalVirtualMemory="0"
	TotalPhysicalMemory="7938"
	LogicalProcessorsPerPhysical="2"
	ProcessorClockFrequency="3243.79"
	>
	<Testing>
		<StartDateTime>Apr 16 01:22 UTC</StartDateTime>
		<StartTestTime>1744766531</StartTestTime>
		<TestList/>
		<EndDateTime>Apr 16 01:22 UTC</EndDateTime>
		<EndTestTime>1744766531</EndTestTime>
		<ElapsedMinutes>0</ElapsedMinutes>
	</Testing>
</Site>
